<?xml version="1.0" encoding="UTF-8"?>
<!-- Generated by org.testng.reporters.JUnitReportReporter -->
<testsuite skipped="0" hostname="LAPTOP-0MLMGFQH" name="com.testng.Testcase" tests="3" failures="0" timestamp="20 Apr 2020 18:20:36 GMT" time="0.033" errors="0">
  <testcase name="testcase2" time="0.009" classname="com.testng.Testcase"/>
  <testcase name="testcase1" time="0.019" classname="com.testng.Testcase"/>
  <testcase name="testcase3" time="0.005" classname="com.testng.Testcase"/>
</testsuite> <!-- com.testng.Testcase -->
