<?xml version="1.0" encoding="UTF-8"?>
<!-- Generated by org.testng.reporters.JUnitReportReporter -->
<testsuite skipped="0" hostname="LAPTOP-0MLMGFQH" name="com.testcases.callwrapper" tests="1" failures="0" timestamp="23 Apr 2020 02:49:12 GMT" time="43.890" errors="0">
  <testcase name="facebooklogin" time="43.890" classname="com.testcases.callwrapper"/>
</testsuite> <!-- com.testcases.callwrapper -->
