<?xml version="1.0" encoding="UTF-8"?>
<!-- Generated by org.testng.reporters.JUnitReportReporter -->
<testsuite skipped="0" hostname="LAPTOP-0MLMGFQH" name="com.testcases.Excellinkedinlogin" tests="1" failures="0" timestamp="22 Apr 2020 19:22:43 GMT" time="65.919" errors="0">
  <testcase name="login" time="65.919" classname="com.testcases.Excellinkedinlogin"/>
</testsuite> <!-- com.testcases.Excellinkedinlogin -->
