<?xml version="1.0" encoding="UTF-8"?>
<!-- Generated by org.testng.reporters.JUnitReportReporter -->
<testsuite skipped="0" hostname="LAPTOP-0MLMGFQH" name="com.testcases.Orangehrmcallwrapper" tests="1" failures="0" timestamp="21 Apr 2020 22:07:10 GMT" time="22.118" errors="0">
  <testcase name="Orangehrm" time="22.118" classname="com.testcases.Orangehrmcallwrapper"/>
</testsuite> <!-- com.testcases.Orangehrmcallwrapper -->
