<?xml version="1.0" encoding="UTF-8"?>
<!-- Generated by org.testng.reporters.JUnitReportReporter -->
<testsuite skipped="0" hostname="LAPTOP-0MLMGFQH" name="com.testng.prioritytestcase" tests="3" failures="0" timestamp="20 Apr 2020 19:13:06 GMT" time="0.021" errors="0">
  <testcase name="testcase3" time="0.009" classname="com.testng.prioritytestcase"/>
  <testcase name="testcase1" time="0.001" classname="com.testng.prioritytestcase"/>
  <testcase name="testcase2" time="0.011" classname="com.testng.prioritytestcase"/>
</testsuite> <!-- com.testng.prioritytestcase -->
