<?xml version="1.0" encoding="UTF-8"?>
<!-- Generated by org.testng.reporters.JUnitReportReporter -->
<testsuite skipped="0" hostname="LAPTOP-0MLMGFQH" name="com.testng.ParellelexecutionTest1" tests="3" failures="0" timestamp="21 Apr 2020 17:12:40 GMT" time="0.026" errors="0">
  <testcase name="testcase5" time="0.014" classname="com.testng.ParellelexecutionTest1"/>
  <testcase name="testcase4" time="0.010" classname="com.testng.ParellelexecutionTest1"/>
  <testcase name="testcase6" time="0.002" classname="com.testng.ParellelexecutionTest1"/>
</testsuite> <!-- com.testng.ParellelexecutionTest1 -->
