<?xml version="1.0" encoding="UTF-8"?>
<!-- Generated by org.testng.reporters.JUnitReportReporter -->
<testsuite skipped="0" hostname="LAPTOP-0MLMGFQH" name="com.testng.ParellelexecutionTest" tests="3" failures="0" timestamp="21 Apr 2020 17:12:40 GMT" time="0.024" errors="0">
  <testcase name="testcase3" time="0.006" classname="com.testng.ParellelexecutionTest"/>
  <testcase name="testcase1" time="0.010" classname="com.testng.ParellelexecutionTest"/>
  <testcase name="testcase2" time="0.008" classname="com.testng.ParellelexecutionTest"/>
</testsuite> <!-- com.testng.ParellelexecutionTest -->
