<?xml version="1.0" encoding="UTF-8"?>
<!-- Generated by org.testng.reporters.JUnitReportReporter -->
<testsuite skipped="0" hostname="LAPTOP-0MLMGFQH" name="com.testcases.Excelfacebooklogin" tests="1" failures="0" timestamp="22 Apr 2020 18:13:15 GMT" time="60.630" errors="0">
  <testcase name="login" time="60.630" classname="com.testcases.Excelfacebooklogin"/>
</testsuite> <!-- com.testcases.Excelfacebooklogin -->
