<?xml version="1.0" encoding="UTF-8"?>
<!-- Generated by org.testng.reporters.JUnitReportReporter -->
<testsuite skipped="0" hostname="LAPTOP-0MLMGFQH" name="com.testcases.callwrapperlinkedin" tests="1" failures="0" timestamp="23 Apr 2020 14:15:26 GMT" time="48.941" errors="0">
  <testcase name="wrapperlinkedin" time="48.941" classname="com.testcases.callwrapperlinkedin"/>
</testsuite> <!-- com.testcases.callwrapperlinkedin -->
