<?xml version="1.0" encoding="UTF-8"?>
<!-- Generated by org.testng.reporters.JUnitReportReporter -->
<testsuite skipped="0" hostname="LAPTOP-0MLMGFQH" name="com.testcases.draganddrop" tests="1" failures="0" timestamp="23 Apr 2020 20:23:55 GMT" time="20.580" errors="0">
  <testcase name="dragmethod" time="20.580" classname="com.testcases.draganddrop"/>
</testsuite> <!-- com.testcases.draganddrop -->
