<?xml version="1.0" encoding="UTF-8"?>
<!-- Generated by org.testng.reporters.JUnitReportReporter -->
<testsuite skipped="0" hostname="LAPTOP-0MLMGFQH" name="com.testcases.Loginorangehrmdataprovider" tests="1" failures="0" timestamp="23 Apr 2020 19:09:45 GMT" time="18.396" errors="0">
  <testcase name="loginTofacebook" time="18.396" classname="com.testcases.Loginorangehrmdataprovider"/>
</testsuite> <!-- com.testcases.Loginorangehrmdataprovider -->
